
  [4;36;1mSQL (0.3ms)[0m   [0;1m SELECT name
 FROM sqlite_master
 WHERE type = 'table' AND NOT name = 'sqlite_sequence'
[0m
  [4;35;1mSQL (0.1ms)[0m   [0mselect sqlite_version(*)[0m
  [4;36;1mSQL (1.5ms)[0m   [0;1mCREATE TABLE "schema_migrations" ("version" varchar(255) NOT NULL) [0m
  [4;35;1mSQL (1.3ms)[0m   [0mCREATE UNIQUE INDEX "unique_schema_migrations" ON "schema_migrations" ("version")[0m
  [4;36;1mSQL (0.2ms)[0m   [0;1m SELECT name
 FROM sqlite_master
 WHERE type = 'table' AND NOT name = 'sqlite_sequence'
[0m
  [4;35;1mSQL (0.1ms)[0m   [0mSELECT version FROM schema_migrations[0m
Migrating to CreateUsers (20100504162505)
  [4;36;1mSQL (0.8ms)[0m   [0;1mCREATE TABLE "users" ("id" INTEGER PRIMARY KEY AUTOINCREMENT NOT NULL, "name" varchar(255), "email" varchar(255), "created_at" datetime, "updated_at" datetime) [0m
  [4;35;1mSQL (0.3ms)[0m   [0mINSERT INTO schema_migrations (version) VALUES ('20100504162505')[0m
  [4;36;1mSQL (0.4ms)[0m   [0;1m SELECT name
 FROM sqlite_master
 WHERE type = 'table' AND NOT name = 'sqlite_sequence'
[0m
  [4;35;1mSQL (0.2ms)[0m   [0mSELECT version FROM schema_migrations[0m
  [4;36;1mSQL (0.2ms)[0m   [0;1m SELECT name
 FROM sqlite_master
 WHERE type = 'table' AND NOT name = 'sqlite_sequence'
[0m
  [4;35;1mSQL (0.1ms)[0m   [0mPRAGMA index_list("users")[0m


Processing UsersController#index (for 127.0.0.1 at 2010-05-04 11:26:11) [GET]
  [4;36;1mUser Load (0.6ms)[0m   [0;1mSELECT * FROM "users" [0m
Rendering template within layouts/users
Rendering users/index
Completed in 48ms (View: 42, DB: 1) | 200 OK [http://localhost/users]


Processing UsersController#new (for 127.0.0.1 at 2010-05-04 11:26:18) [GET]
Rendering template within layouts/users
Rendering users/new
Completed in 19ms (View: 13, DB: 0) | 200 OK [http://localhost/users/new]


Processing UsersController#create (for 127.0.0.1 at 2010-05-04 11:26:24) [POST]
  Parameters: {"commit"=>"Create", "authenticity_token"=>"zj0CVJcGWOpokbCeboa/ns6nHJsXbdo1g37eaUrsOyk=", "user"=>{"name"=>"Aaron Berdofe", "email"=>"aaron.berdofe@gmail.com"}}
  [4;35;1mUser Create (0.6ms)[0m   [0mINSERT INTO "users" ("name", "created_at", "updated_at", "email") VALUES('Aaron Berdofe', '2010-05-04 16:26:24', '2010-05-04 16:26:24', 'aaron.berdofe@gmail.com')[0m
Redirected to http://localhost:3000/users/1
Completed in 12ms (DB: 1) | 302 Found [http://localhost/users]


Processing UsersController#show (for 127.0.0.1 at 2010-05-04 11:26:24) [GET]
  Parameters: {"id"=>"1"}
  [4;36;1mUser Load (0.3ms)[0m   [0;1mSELECT * FROM "users" WHERE ("users"."id" = 1) [0m
Rendering template within layouts/users
Rendering users/show
Completed in 17ms (View: 10, DB: 0) | 200 OK [http://localhost/users/1]


Processing UsersController#index (for 127.0.0.1 at 2010-05-04 11:26:29) [GET]
  [4;35;1mUser Load (0.6ms)[0m   [0mSELECT * FROM "users" [0m
Rendering template within layouts/users
Rendering users/index
Completed in 73ms (View: 67, DB: 1) | 200 OK [http://localhost/users]


Processing UsersController#new (for 127.0.0.1 at 2010-05-04 11:26:30) [GET]
Rendering template within layouts/users
Rendering users/new
Completed in 11ms (View: 5, DB: 0) | 200 OK [http://localhost/users/new]


Processing UsersController#create (for 127.0.0.1 at 2010-05-04 11:26:40) [POST]
  Parameters: {"commit"=>"Create", "authenticity_token"=>"zj0CVJcGWOpokbCeboa/ns6nHJsXbdo1g37eaUrsOyk=", "user"=>{"name"=>"Sara Vine", "email"=>"sara.vine@gmail.com"}}
  [4;36;1mUser Create (0.9ms)[0m   [0;1mINSERT INTO "users" ("name", "created_at", "updated_at", "email") VALUES('Sara Vine', '2010-05-04 16:26:40', '2010-05-04 16:26:40', 'sara.vine@gmail.com')[0m
Redirected to http://localhost:3000/users/2
Completed in 12ms (DB: 1) | 302 Found [http://localhost/users]


Processing UsersController#show (for 127.0.0.1 at 2010-05-04 11:26:40) [GET]
  Parameters: {"id"=>"2"}
  [4;35;1mUser Load (0.3ms)[0m   [0mSELECT * FROM "users" WHERE ("users"."id" = 2) [0m
Rendering template within layouts/users
Rendering users/show
Completed in 11ms (View: 3, DB: 0) | 200 OK [http://localhost/users/2]


Processing UsersController#index (for 127.0.0.1 at 2010-05-04 11:26:42) [GET]
  [4;36;1mUser Load (0.7ms)[0m   [0;1mSELECT * FROM "users" [0m
Rendering template within layouts/users
Rendering users/index
Completed in 18ms (View: 12, DB: 1) | 200 OK [http://localhost/users]


Processing UsersController#destroy (for 127.0.0.1 at 2010-05-04 11:27:37) [DELETE]
  Parameters: {"authenticity_token"=>"zj0CVJcGWOpokbCeboa/ns6nHJsXbdo1g37eaUrsOyk=", "id"=>"2"}
  [4;35;1mUser Load (0.3ms)[0m   [0mSELECT * FROM "users" WHERE ("users"."id" = 2) [0m
  [4;36;1mUser Destroy (0.7ms)[0m   [0;1mDELETE FROM "users" WHERE "id" = 2[0m
Redirected to http://localhost:3000/users
Completed in 12ms (DB: 1) | 302 Found [http://localhost/users/2]


Processing UsersController#index (for 127.0.0.1 at 2010-05-04 11:27:37) [GET]
  [4;35;1mUser Load (0.6ms)[0m   [0mSELECT * FROM "users" [0m
Rendering template within layouts/users
Rendering users/index
Completed in 15ms (View: 8, DB: 1) | 200 OK [http://localhost/users]


Processing UsersController#new (for 127.0.0.1 at 2010-05-04 11:27:38) [GET]
Rendering template within layouts/users
Rendering users/new
Completed in 12ms (View: 5, DB: 0) | 200 OK [http://localhost/users/new]


Processing UsersController#create (for 127.0.0.1 at 2010-05-04 11:27:43) [POST]
  Parameters: {"commit"=>"Create", "authenticity_token"=>"zj0CVJcGWOpokbCeboa/ns6nHJsXbdo1g37eaUrsOyk=", "user"=>{"name"=>"Sara Vine", "email"=>"sara.vine@gmail.com"}}
  [4;36;1mUser Create (0.5ms)[0m   [0;1mINSERT INTO "users" ("name", "created_at", "updated_at", "email") VALUES('Sara Vine', '2010-05-04 16:27:43', '2010-05-04 16:27:43', 'sara.vine@gmail.com')[0m
Redirected to http://localhost:3000/users/3
Completed in 70ms (DB: 1) | 302 Found [http://localhost/users]


Processing UsersController#show (for 127.0.0.1 at 2010-05-04 11:27:43) [GET]
  Parameters: {"id"=>"3"}
  [4;35;1mUser Load (0.3ms)[0m   [0mSELECT * FROM "users" WHERE ("users"."id" = 3) [0m
Rendering template within layouts/users
Rendering users/show
Completed in 10ms (View: 3, DB: 0) | 200 OK [http://localhost/users/3]
  [4;36;1mSQL (0.6ms)[0m   [0;1m SELECT name
 FROM sqlite_master
 WHERE type = 'table' AND NOT name = 'sqlite_sequence'
[0m
  [4;35;1mSQL (0.2ms)[0m   [0mSELECT version FROM schema_migrations[0m
Migrating to CreateUsers (20100504162505)
Migrating to CreateMicroposts (20100504163154)
  [4;36;1mSQL (0.1ms)[0m   [0;1mselect sqlite_version(*)[0m
  [4;35;1mSQL (0.7ms)[0m   [0mCREATE TABLE "microposts" ("id" INTEGER PRIMARY KEY AUTOINCREMENT NOT NULL, "content" varchar(255), "user_id" integer, "created_at" datetime, "updated_at" datetime) [0m
  [4;36;1mSQL (0.2ms)[0m   [0;1mINSERT INTO schema_migrations (version) VALUES ('20100504163154')[0m
  [4;35;1mSQL (0.4ms)[0m   [0m SELECT name
 FROM sqlite_master
 WHERE type = 'table' AND NOT name = 'sqlite_sequence'
[0m
  [4;36;1mSQL (0.2ms)[0m   [0;1mSELECT version FROM schema_migrations[0m
  [4;35;1mSQL (0.2ms)[0m   [0m SELECT name
 FROM sqlite_master
 WHERE type = 'table' AND NOT name = 'sqlite_sequence'
[0m
  [4;36;1mSQL (0.1ms)[0m   [0;1mPRAGMA index_list("microposts")[0m
  [4;35;1mSQL (0.1ms)[0m   [0mPRAGMA index_list("users")[0m


Processing MicropostsController#new (for 127.0.0.1 at 2010-05-04 11:34:56) [GET]
Rendering template within layouts/microposts
Rendering microposts/new
Completed in 44ms (View: 36, DB: 0) | 200 OK [http://localhost/microposts/new]


Processing MicropostsController#create (for 127.0.0.1 at 2010-05-04 11:35:22) [POST]
  Parameters: {"commit"=>"Create", "micropost"=>{"user_id"=>"Me", "content"=>"micropost 1"}, "authenticity_token"=>"zj0CVJcGWOpokbCeboa/ns6nHJsXbdo1g37eaUrsOyk="}
  [4;36;1mMicropost Create (0.6ms)[0m   [0;1mINSERT INTO "microposts" ("created_at", "updated_at", "user_id", "content") VALUES('2010-05-04 16:35:22', '2010-05-04 16:35:22', 0, 'micropost 1')[0m
Redirected to http://localhost:3000/microposts/1
Completed in 12ms (DB: 1) | 302 Found [http://localhost/microposts]


Processing MicropostsController#show (for 127.0.0.1 at 2010-05-04 11:35:22) [GET]
  Parameters: {"id"=>"1"}
  [4;35;1mMicropost Load (0.3ms)[0m   [0mSELECT * FROM "microposts" WHERE ("microposts"."id" = 1) [0m
Rendering template within layouts/microposts
Rendering microposts/show
Completed in 17ms (View: 10, DB: 0) | 200 OK [http://localhost/microposts/1]


Processing MicropostsController#index (for 127.0.0.1 at 2010-05-04 11:35:24) [GET]
  [4;36;1mMicropost Load (0.6ms)[0m   [0;1mSELECT * FROM "microposts" [0m
Rendering template within layouts/microposts
Rendering microposts/index
Completed in 81ms (View: 75, DB: 1) | 200 OK [http://localhost/microposts]


Processing MicropostsController#new (for 127.0.0.1 at 2010-05-04 11:35:25) [GET]
Rendering template within layouts/microposts
Rendering microposts/new
Completed in 13ms (View: 6, DB: 0) | 200 OK [http://localhost/microposts/new]


Processing MicropostsController#create (for 127.0.0.1 at 2010-05-04 11:35:33) [POST]
  Parameters: {"commit"=>"Create", "micropost"=>{"user_id"=>"Me again!", "content"=>"Micropost 2"}, "authenticity_token"=>"zj0CVJcGWOpokbCeboa/ns6nHJsXbdo1g37eaUrsOyk="}
  [4;35;1mMicropost Create (0.5ms)[0m   [0mINSERT INTO "microposts" ("created_at", "updated_at", "user_id", "content") VALUES('2010-05-04 16:35:33', '2010-05-04 16:35:33', 0, 'Micropost 2')[0m
Redirected to http://localhost:3000/microposts/2
Completed in 12ms (DB: 1) | 302 Found [http://localhost/microposts]


Processing MicropostsController#show (for 127.0.0.1 at 2010-05-04 11:35:33) [GET]
  Parameters: {"id"=>"2"}
  [4;36;1mMicropost Load (0.3ms)[0m   [0;1mSELECT * FROM "microposts" WHERE ("microposts"."id" = 2) [0m
Rendering template within layouts/microposts
Rendering microposts/show
Completed in 10ms (View: 3, DB: 0) | 200 OK [http://localhost/microposts/2]


Processing MicropostsController#index (for 127.0.0.1 at 2010-05-04 11:35:34) [GET]
  [4;35;1mMicropost Load (0.7ms)[0m   [0mSELECT * FROM "microposts" [0m
Rendering template within layouts/microposts
Rendering microposts/index
Completed in 19ms (View: 13, DB: 1) | 200 OK [http://localhost/microposts]


Processing MicropostsController#edit (for 127.0.0.1 at 2010-05-04 11:35:40) [GET]
  Parameters: {"id"=>"1"}
  [4;36;1mMicropost Load (0.3ms)[0m   [0;1mSELECT * FROM "microposts" WHERE ("microposts"."id" = 1) [0m
Rendering template within layouts/microposts
Rendering microposts/edit
Completed in 20ms (View: 13, DB: 0) | 200 OK [http://localhost/microposts/1/edit]


Processing MicropostsController#update (for 127.0.0.1 at 2010-05-04 11:35:44) [PUT]
  Parameters: {"commit"=>"Update", "micropost"=>{"user_id"=>"1", "content"=>"micropost 1"}, "authenticity_token"=>"zj0CVJcGWOpokbCeboa/ns6nHJsXbdo1g37eaUrsOyk=", "id"=>"1"}
  [4;35;1mMicropost Load (0.3ms)[0m   [0mSELECT * FROM "microposts" WHERE ("microposts"."id" = 1) [0m
  [4;36;1mMicropost Update (0.5ms)[0m   [0;1mUPDATE "microposts" SET "updated_at" = '2010-05-04 16:35:44', "user_id" = 1 WHERE "id" = 1[0m
Redirected to http://localhost:3000/microposts/1
Completed in 13ms (DB: 1) | 302 Found [http://localhost/microposts/1]


Processing MicropostsController#show (for 127.0.0.1 at 2010-05-04 11:35:44) [GET]
  Parameters: {"id"=>"1"}
  [4;35;1mMicropost Load (0.3ms)[0m   [0mSELECT * FROM "microposts" WHERE ("microposts"."id" = 1) [0m
Rendering template within layouts/microposts
Rendering microposts/show
Completed in 69ms (View: 3, DB: 0) | 200 OK [http://localhost/microposts/1]


Processing MicropostsController#index (for 127.0.0.1 at 2010-05-04 11:35:45) [GET]
  [4;36;1mMicropost Load (0.7ms)[0m   [0;1mSELECT * FROM "microposts" [0m
Rendering template within layouts/microposts
Rendering microposts/index
Completed in 19ms (View: 12, DB: 1) | 200 OK [http://localhost/microposts]


Processing MicropostsController#edit (for 127.0.0.1 at 2010-05-04 11:35:47) [GET]
  Parameters: {"id"=>"2"}
  [4;35;1mMicropost Load (0.3ms)[0m   [0mSELECT * FROM "microposts" WHERE ("microposts"."id" = 2) [0m
Rendering template within layouts/microposts
Rendering microposts/edit
Completed in 14ms (View: 7, DB: 0) | 200 OK [http://localhost/microposts/2/edit]


Processing MicropostsController#update (for 127.0.0.1 at 2010-05-04 11:35:50) [PUT]
  Parameters: {"commit"=>"Update", "micropost"=>{"user_id"=>"2", "content"=>"Micropost 2"}, "authenticity_token"=>"zj0CVJcGWOpokbCeboa/ns6nHJsXbdo1g37eaUrsOyk=", "id"=>"2"}
  [4;36;1mMicropost Load (0.3ms)[0m   [0;1mSELECT * FROM "microposts" WHERE ("microposts"."id" = 2) [0m
  [4;35;1mMicropost Update (0.4ms)[0m   [0mUPDATE "microposts" SET "updated_at" = '2010-05-04 16:35:50', "user_id" = 2 WHERE "id" = 2[0m
Redirected to http://localhost:3000/microposts/2
Completed in 13ms (DB: 1) | 302 Found [http://localhost/microposts/2]


Processing MicropostsController#show (for 127.0.0.1 at 2010-05-04 11:35:50) [GET]
  Parameters: {"id"=>"2"}
  [4;36;1mMicropost Load (0.3ms)[0m   [0;1mSELECT * FROM "microposts" WHERE ("microposts"."id" = 2) [0m
Rendering template within layouts/microposts
Rendering microposts/show
Completed in 10ms (View: 3, DB: 0) | 200 OK [http://localhost/microposts/2]


Processing MicropostsController#index (for 127.0.0.1 at 2010-05-04 11:35:51) [GET]
  [4;35;1mMicropost Load (0.7ms)[0m   [0mSELECT * FROM "microposts" [0m
Rendering template within layouts/microposts
Rendering microposts/index
Completed in 19ms (View: 12, DB: 1) | 200 OK [http://localhost/microposts]


Processing MicropostsController#new (for 127.0.0.1 at 2010-05-04 11:36:20) [GET]
Rendering template within layouts/microposts
Rendering microposts/new
Completed in 13ms (View: 7, DB: 0) | 200 OK [http://localhost/microposts/new]


Processing MicropostsController#create (for 127.0.0.1 at 2010-05-04 11:36:39) [POST]
  Parameters: {"commit"=>"Create", "micropost"=>{"user_id"=>"1", "content"=>"entering content that is way way way way way way way way way way too long"}, "authenticity_token"=>"zj0CVJcGWOpokbCeboa/ns6nHJsXbdo1g37eaUrsOyk="}
  [4;36;1mMicropost Create (0.9ms)[0m   [0;1mINSERT INTO "microposts" ("created_at", "updated_at", "user_id", "content") VALUES('2010-05-04 16:36:39', '2010-05-04 16:36:39', 1, 'entering content that is way way way way way way way way way way too long')[0m
Redirected to http://localhost:3000/microposts/3
Completed in 12ms (DB: 1) | 302 Found [http://localhost/microposts]


Processing MicropostsController#show (for 127.0.0.1 at 2010-05-04 11:36:39) [GET]
  Parameters: {"id"=>"3"}
  [4;35;1mMicropost Load (0.3ms)[0m   [0mSELECT * FROM "microposts" WHERE ("microposts"."id" = 3) [0m
Rendering template within layouts/microposts
Rendering microposts/show
Completed in 10ms (View: 3, DB: 0) | 200 OK [http://localhost/microposts/3]


Processing MicropostsController#edit (for 127.0.0.1 at 2010-05-04 11:36:50) [GET]
  Parameters: {"id"=>"3"}
  [4;36;1mMicropost Load (0.3ms)[0m   [0;1mSELECT * FROM "microposts" WHERE ("microposts"."id" = 3) [0m
Rendering template within layouts/microposts
Rendering microposts/edit
Completed in 14ms (View: 7, DB: 0) | 200 OK [http://localhost/microposts/3/edit]


Processing MicropostsController#update (for 127.0.0.1 at 2010-05-04 11:36:58) [PUT]
  Parameters: {"commit"=>"Update", "micropost"=>{"user_id"=>"1", "content"=>"entering content that is way way way way way way way way way way too long entering content that is way way way way way way way way way way too long entering content that is way way way way way way way way way way too long entering content that is way way way way way way way way way way too long entering content that is way way way way way way way way way way too long"}, "authenticity_token"=>"zj0CVJcGWOpokbCeboa/ns6nHJsXbdo1g37eaUrsOyk=", "id"=>"3"}
  [4;35;1mMicropost Load (0.3ms)[0m   [0mSELECT * FROM "microposts" WHERE ("microposts"."id" = 3) [0m
  [4;36;1mMicropost Update (0.5ms)[0m   [0;1mUPDATE "microposts" SET "updated_at" = '2010-05-04 16:36:58', "content" = 'entering content that is way way way way way way way way way way too long entering content that is way way way way way way way way way way too long entering content that is way way way way way way way way way way too long entering content that is way way way way way way way way way way too long entering content that is way way way way way way way way way way too long' WHERE "id" = 3[0m
Redirected to http://localhost:3000/microposts/3
Completed in 12ms (DB: 1) | 302 Found [http://localhost/microposts/3]


Processing MicropostsController#show (for 127.0.0.1 at 2010-05-04 11:36:58) [GET]
  Parameters: {"id"=>"3"}
  [4;35;1mMicropost Load (0.3ms)[0m   [0mSELECT * FROM "microposts" WHERE ("microposts"."id" = 3) [0m
Rendering template within layouts/microposts
Rendering microposts/show
Completed in 11ms (View: 3, DB: 0) | 200 OK [http://localhost/microposts/3]
  [4;36;1mUser Load (0.6ms)[0m   [0;1mSELECT * FROM "users" LIMIT 1[0m


Processing UsersController#index (for 127.0.0.1 at 2010-05-04 14:34:10) [GET]
  [4;36;1mUser Load (1.1ms)[0m   [0;1mSELECT * FROM "users" [0m
Rendering template within layouts/users
Rendering users/index
Completed in 80ms (View: 72, DB: 1) | 200 OK [http://localhost/users]


Processing UsersController#show (for 127.0.0.1 at 2010-05-04 14:34:48) [GET]
  Parameters: {"id"=>"1"}
  [4;35;1mUser Load (0.3ms)[0m   [0mSELECT * FROM "users" WHERE ("users"."id" = 1) [0m
Rendering template within layouts/users
Rendering users/show
Completed in 17ms (View: 10, DB: 0) | 200 OK [http://localhost/users/1]


Processing UsersController#show (for 127.0.0.1 at 2010-05-04 14:34:52) [GET]
  Parameters: {"id"=>"2"}
  [4;36;1mUser Load (0.2ms)[0m   [0;1mSELECT * FROM "users" WHERE ("users"."id" = 2) [0m

ActiveRecord::RecordNotFound (Couldn't find User with ID=2):
  app/controllers/users_controller.rb:16:in `show'

Rendered rescues/_trace (68.5ms)
Rendered rescues/_request_and_response (1.7ms)
Rendering rescues/layout (not_found)


Processing UsersController#show (for 127.0.0.1 at 2010-05-04 14:34:57) [GET]
  Parameters: {"id"=>"1"}
  [4;35;1mUser Load (0.3ms)[0m   [0mSELECT * FROM "users" WHERE ("users"."id" = 1) [0m
Rendering template within layouts/users
Rendering users/show
Completed in 10ms (View: 3, DB: 0) | 200 OK [http://localhost/users/1]


Processing UsersController#show (for 127.0.0.1 at 2010-05-04 14:35:07) [GET]
  Parameters: {"id"=>"3"}
  [4;36;1mUser Load (0.3ms)[0m   [0;1mSELECT * FROM "users" WHERE ("users"."id" = 3) [0m
Rendering template within layouts/users
Rendering users/show
Completed in 10ms (View: 3, DB: 0) | 200 OK [http://localhost/users/3]


Processing MicropostsController#index (for 127.0.0.1 at 2010-05-04 14:40:07) [GET]
  [4;35;1mMicropost Load (1.2ms)[0m   [0mSELECT * FROM "microposts" [0m
Rendering template within layouts/microposts
Rendering microposts/index
Completed in 42ms (View: 34, DB: 1) | 200 OK [http://localhost/microposts]


Processing MicropostsController#edit (for 127.0.0.1 at 2010-05-04 14:43:40) [GET]
  Parameters: {"id"=>"3"}
  [4;36;1mMicropost Load (0.3ms)[0m   [0;1mSELECT * FROM "microposts" WHERE ("microposts"."id" = 3) [0m
Rendering template within layouts/microposts
Rendering microposts/edit
Completed in 22ms (View: 16, DB: 0) | 200 OK [http://localhost/microposts/3/edit]


Processing MicropostsController#update (for 127.0.0.1 at 2010-05-04 14:43:44) [PUT]
  Parameters: {"commit"=>"Update", "micropost"=>{"user_id"=>"3", "content"=>"entering content that is way way way way way way way way way way too long entering content that is way way way way way way way way way way too long entering content that is way way way way way way way way way way too long entering content that is way way way way way way way way way way too long entering content that is way way way way way way way way way way too long"}, "authenticity_token"=>"zj0CVJcGWOpokbCeboa/ns6nHJsXbdo1g37eaUrsOyk=", "id"=>"3"}
  [4;35;1mMicropost Load (0.3ms)[0m   [0mSELECT * FROM "microposts" WHERE ("microposts"."id" = 3) [0m
  [4;36;1mMicropost Update (0.5ms)[0m   [0;1mUPDATE "microposts" SET "updated_at" = '2010-05-04 19:43:44', "user_id" = 3 WHERE "id" = 3[0m
Redirected to http://localhost:3000/microposts/3
Completed in 13ms (DB: 1) | 302 Found [http://localhost/microposts/3]


Processing MicropostsController#show (for 127.0.0.1 at 2010-05-04 14:43:44) [GET]
  Parameters: {"id"=>"3"}
  [4;35;1mMicropost Load (0.4ms)[0m   [0mSELECT * FROM "microposts" WHERE ("microposts"."id" = 3) [0m
Rendering template within layouts/microposts
Rendering microposts/show
Completed in 19ms (View: 11, DB: 0) | 200 OK [http://localhost/microposts/3]


Processing MicropostsController#index (for 127.0.0.1 at 2010-05-04 14:43:45) [GET]
  [4;36;1mMicropost Load (0.8ms)[0m   [0;1mSELECT * FROM "microposts" [0m
Rendering template within layouts/microposts
Rendering microposts/index
Completed in 23ms (View: 17, DB: 1) | 200 OK [http://localhost/microposts]


Processing MicropostsController#edit (for 127.0.0.1 at 2010-05-04 14:43:47) [GET]
  Parameters: {"id"=>"2"}
  [4;35;1mMicropost Load (0.3ms)[0m   [0mSELECT * FROM "microposts" WHERE ("microposts"."id" = 2) [0m
Rendering template within layouts/microposts
Rendering microposts/edit
Completed in 14ms (View: 7, DB: 0) | 200 OK [http://localhost/microposts/2/edit]


Processing MicropostsController#update (for 127.0.0.1 at 2010-05-04 14:43:51) [PUT]
  Parameters: {"commit"=>"Update", "micropost"=>{"user_id"=>"1", "content"=>"Micropost 2"}, "authenticity_token"=>"zj0CVJcGWOpokbCeboa/ns6nHJsXbdo1g37eaUrsOyk=", "id"=>"2"}
  [4;36;1mMicropost Load (0.3ms)[0m   [0;1mSELECT * FROM "microposts" WHERE ("microposts"."id" = 2) [0m
  [4;35;1mMicropost Update (0.4ms)[0m   [0mUPDATE "microposts" SET "updated_at" = '2010-05-04 19:43:51', "user_id" = 1 WHERE "id" = 2[0m
Redirected to http://localhost:3000/microposts/2
Completed in 13ms (DB: 1) | 302 Found [http://localhost/microposts/2]


Processing MicropostsController#show (for 127.0.0.1 at 2010-05-04 14:43:51) [GET]
  Parameters: {"id"=>"2"}
  [4;36;1mMicropost Load (0.3ms)[0m   [0;1mSELECT * FROM "microposts" WHERE ("microposts"."id" = 2) [0m
Rendering template within layouts/microposts
Rendering microposts/show
Completed in 10ms (View: 3, DB: 0) | 200 OK [http://localhost/microposts/2]


Processing MicropostsController#index (for 127.0.0.1 at 2010-05-04 14:43:52) [GET]
  [4;35;1mMicropost Load (0.8ms)[0m   [0mSELECT * FROM "microposts" [0m
Rendering template within layouts/microposts
Rendering microposts/index
Completed in 23ms (View: 17, DB: 1) | 200 OK [http://localhost/microposts]


Processing MicropostsController#edit (for 127.0.0.1 at 2010-05-04 14:46:25) [GET]
  Parameters: {"id"=>"3"}
  [4;36;1mMicropost Load (0.3ms)[0m   [0;1mSELECT * FROM "microposts" WHERE ("microposts"."id" = 3) [0m
Rendering template within layouts/microposts
Rendering microposts/edit
Completed in 16ms (View: 9, DB: 0) | 200 OK [http://localhost/microposts/3/edit]


Processing MicropostsController#update (for 127.0.0.1 at 2010-05-04 14:46:27) [PUT]
  Parameters: {"commit"=>"Update", "micropost"=>{"user_id"=>"3", "content"=>"entering content that is way way way way way way way way way way too long entering content that is way way way way way way way way way way too long entering content that is way way way way way way way way way way too long entering content that is way way way way way way way way way way too long entering content that is way way way way way way way way way way too long"}, "authenticity_token"=>"zj0CVJcGWOpokbCeboa/ns6nHJsXbdo1g37eaUrsOyk=", "id"=>"3"}
  [4;35;1mMicropost Load (0.3ms)[0m   [0mSELECT * FROM "microposts" WHERE ("microposts"."id" = 3) [0m
Rendering template within layouts/microposts
Rendering microposts/edit
Completed in 25ms (View: 14, DB: 0) | 200 OK [http://localhost/microposts/3]


Processing MicropostsController#update (for 127.0.0.1 at 2010-05-04 14:46:41) [PUT]
  Parameters: {"commit"=>"Update", "micropost"=>{"user_id"=>"3", "content"=>"just another micropost"}, "authenticity_token"=>"zj0CVJcGWOpokbCeboa/ns6nHJsXbdo1g37eaUrsOyk=", "id"=>"3"}
  [4;36;1mMicropost Load (0.3ms)[0m   [0;1mSELECT * FROM "microposts" WHERE ("microposts"."id" = 3) [0m
  [4;35;1mMicropost Update (0.5ms)[0m   [0mUPDATE "microposts" SET "updated_at" = '2010-05-04 19:46:41', "content" = 'just another micropost' WHERE "id" = 3[0m
Redirected to http://localhost:3000/microposts/3
Completed in 13ms (DB: 1) | 302 Found [http://localhost/microposts/3]


Processing MicropostsController#show (for 127.0.0.1 at 2010-05-04 14:46:41) [GET]
  Parameters: {"id"=>"3"}
  [4;36;1mMicropost Load (0.3ms)[0m   [0;1mSELECT * FROM "microposts" WHERE ("microposts"."id" = 3) [0m
Rendering template within layouts/microposts
Rendering microposts/show
Completed in 11ms (View: 4, DB: 0) | 200 OK [http://localhost/microposts/3]
  [4;36;1mUser Load (0.6ms)[0m   [0;1mSELECT * FROM "users" LIMIT 1[0m
  [4;35;1mMicropost Load (0.5ms)[0m   [0mSELECT * FROM "microposts" WHERE ("microposts".user_id = 1) [0m
